<?xml version="1.0" encoding="UTF-8"?>
<!-- Generated by org.testng.reporters.JUnitXMLReporter -->
<testsuite ignored="2" hostname="DESKTOP-LAN5LD6" failures="0" tests="1" name="Test(failed)" time="5.494" errors="0" timestamp="2023-06-17T20:19:39 IST">
  <testcase classname="TestPackage.TestCases" name="test3" time="3.081"/>
  <testcase classname="TestPackage.TestCases" name="test2" time="0.0">
    <ignored/>
  </testcase> <!-- test2 -->
  <testcase classname="TestPackage.TestCases" name="test1" time="0.0">
    <ignored/>
  </testcase> <!-- test1 -->
</testsuite> <!-- Test(failed) -->
