<?xml version="1.0" encoding="UTF-8"?>
<testng-results ignored="0" total="3" passed="3" failed="0" skipped="0">
  <reporter-output>
  </reporter-output>
  <suite started-at="2023-06-17T20:21:44 IST" name="Suite" finished-at="2023-06-17T20:21:55 IST" duration-ms="11086">
    <groups>
    </groups>
    <test started-at="2023-06-17T20:21:44 IST" name="Test" finished-at="2023-06-17T20:21:55 IST" duration-ms="11086">
      <class name="TestPackage.TestCases">
        <test-method is-config="true" signature="launchDriverTest()[pri:0, instance:TestPackage.TestCases@71238fc2]" started-at="2023-06-17T20:21:44 IST" name="launchDriverTest" finished-at="2023-06-17T20:21:46 IST" duration-ms="2179" status="PASS">
          <reporter-output>
          </reporter-output>
        </test-method> <!-- launchDriverTest -->
        <test-method signature="test1()[pri:0, instance:TestPackage.TestCases@71238fc2]" started-at="2023-06-17T20:21:46 IST" name="test1" finished-at="2023-06-17T20:21:49 IST" duration-ms="2685" status="PASS">
          <reporter-output>
          </reporter-output>
        </test-method> <!-- test1 -->
        <test-method is-config="true" signature="quitTest()[pri:0, instance:TestPackage.TestCases@71238fc2]" started-at="2023-06-17T20:21:49 IST" name="quitTest" finished-at="2023-06-17T20:21:49 IST" duration-ms="211" status="PASS">
          <reporter-output>
          </reporter-output>
        </test-method> <!-- quitTest -->
        <test-method is-config="true" signature="launchDriverTest()[pri:0, instance:TestPackage.TestCases@71238fc2]" started-at="2023-06-17T20:21:49 IST" name="launchDriverTest" finished-at="2023-06-17T20:21:50 IST" duration-ms="803" status="PASS">
          <reporter-output>
          </reporter-output>
        </test-method> <!-- launchDriverTest -->
        <test-method signature="test2()[pri:0, instance:TestPackage.TestCases@71238fc2]" started-at="2023-06-17T20:21:50 IST" name="test2" finished-at="2023-06-17T20:21:52 IST" duration-ms="2016" status="PASS">
          <reporter-output>
          </reporter-output>
        </test-method> <!-- test2 -->
        <test-method is-config="true" signature="quitTest()[pri:0, instance:TestPackage.TestCases@71238fc2]" started-at="2023-06-17T20:21:52 IST" name="quitTest" finished-at="2023-06-17T20:21:52 IST" duration-ms="164" status="PASS">
          <reporter-output>
          </reporter-output>
        </test-method> <!-- quitTest -->
        <test-method is-config="true" signature="launchDriverTest()[pri:0, instance:TestPackage.TestCases@71238fc2]" started-at="2023-06-17T20:21:52 IST" name="launchDriverTest" finished-at="2023-06-17T20:21:53 IST" duration-ms="795" status="PASS">
          <reporter-output>
          </reporter-output>
        </test-method> <!-- launchDriverTest -->
        <test-method signature="test3()[pri:0, instance:TestPackage.TestCases@71238fc2]" started-at="2023-06-17T20:21:53 IST" name="test3" finished-at="2023-06-17T20:21:55 IST" duration-ms="1996" status="PASS">
          <reporter-output>
          </reporter-output>
        </test-method> <!-- test3 -->
        <test-method is-config="true" signature="quitTest()[pri:0, instance:TestPackage.TestCases@71238fc2]" started-at="2023-06-17T20:21:55 IST" name="quitTest" finished-at="2023-06-17T20:21:55 IST" duration-ms="200" status="PASS">
          <reporter-output>
          </reporter-output>
        </test-method> <!-- quitTest -->
      </class> <!-- TestPackage.TestCases -->
    </test> <!-- Test -->
  </suite> <!-- Suite -->
</testng-results>
