<?xml version="1.0" encoding="UTF-8"?>
<testng-results ignored="2" total="3" passed="1" failed="0" skipped="0">
  <reporter-output>
  </reporter-output>
  <suite started-at="2023-06-17T20:19:33 IST" name="Failed suite [Suite]" finished-at="2023-06-17T20:19:39 IST" duration-ms="5494">
    <groups>
    </groups>
    <test started-at="2023-06-17T20:19:33 IST" name="Test(failed)" finished-at="2023-06-17T20:19:39 IST" duration-ms="5494">
      <class name="TestPackage.TestCases">
        <test-method is-config="true" signature="launchDriverTest()[pri:0, instance:TestPackage.TestCases@1da2cb77]" started-at="2023-06-17T20:19:33 IST" name="launchDriverTest" finished-at="2023-06-17T20:19:35 IST" duration-ms="2132" status="PASS">
          <reporter-output>
          </reporter-output>
        </test-method> <!-- launchDriverTest -->
        <test-method signature="test3()[pri:0, instance:TestPackage.TestCases@1da2cb77]" started-at="2023-06-17T20:19:35 IST" name="test3" finished-at="2023-06-17T20:19:39 IST" duration-ms="3081" status="PASS">
          <reporter-output>
          </reporter-output>
        </test-method> <!-- test3 -->
        <test-method is-config="true" signature="quitTest()[pri:0, instance:TestPackage.TestCases@1da2cb77]" started-at="2023-06-17T20:19:39 IST" name="quitTest" finished-at="2023-06-17T20:19:39 IST" duration-ms="234" status="PASS">
          <reporter-output>
          </reporter-output>
        </test-method> <!-- quitTest -->
      </class> <!-- TestPackage.TestCases -->
    </test> <!-- Test(failed) -->
  </suite> <!-- Failed suite [Suite] -->
</testng-results>
